<?xml version="1.0" encoding="UTF-8"?>
<testsuite name="com.ivanxhb.cashcard.CashCardJsonTest" tests="2" skipped="0" failures="0" errors="0" timestamp="2023-06-02T18:35:10" hostname="HB-XPS" time="0.094">
  <properties/>
  <testcase name="cashCardSerializationTest()" classname="com.ivanxhb.cashcard.CashCardJsonTest" time="0.056"/>
  <testcase name="cashCardDeserializationTest()" classname="com.ivanxhb.cashcard.CashCardJsonTest" time="0.036"/>
  <system-out><![CDATA[2023-06-02T13:35:10.541-05:00  INFO 10312 --- [    Test worker] t.c.s.AnnotationConfigContextLoaderUtils : Could not detect default configuration classes for test class [com.ivanxhb.cashcard.CashCardJsonTest]: CashCardJsonTest does not declare any static, non-private, non-final, nested classes annotated with @Configuration.
2023-06-02T13:35:10.559-05:00  INFO 10312 --- [    Test worker] .b.t.c.SpringBootTestContextBootstrapper : Found @SpringBootConfiguration com.ivanxhb.cashcard.CashcardApplication for test class com.ivanxhb.cashcard.CashCardJsonTest

  .   ____          _            __ _ _
 /\\ / ___'_ __ _ _(_)_ __  __ _ \ \ \ \
( ( )\___ | '_ | '_| | '_ \/ _` | \ \ \ \
 \\/  ___)| |_)| | | | | || (_| |  ) ) ) )
  '  |____| .__|_| |_|_| |_\__, | / / / /
 =========|_|==============|___/=/_/_/_/
 :: Spring Boot ::                (v3.0.2)

2023-06-02T13:35:10.603-05:00  INFO 10312 --- [    Test worker] com.ivanxhb.cashcard.CashCardJsonTest    : Starting CashCardJsonTest using Java 19.0.1 with PID 10312 (started by ivan in C:\Users\ivanh\Documents\workspace\learnSpringBoot\spring-academy\cashcard)
2023-06-02T13:35:10.604-05:00  INFO 10312 --- [    Test worker] com.ivanxhb.cashcard.CashCardJsonTest    : No active profile set, falling back to 1 default profile: "default"
2023-06-02T13:35:10.739-05:00  INFO 10312 --- [    Test worker] com.ivanxhb.cashcard.CashCardJsonTest    : Started CashCardJsonTest in 0.176 seconds (process running for 6.622)
]]></system-out>
  <system-err><![CDATA[]]></system-err>
</testsuite>
