<?xml version="1.0" encoding="UTF-8"?>
<testsuite name="com.ivanxhb.cashcard.CashCardApplicationTests" tests="2" skipped="0" failures="0" errors="0" timestamp="2023-06-01T19:44:01" hostname="HB-XPS" time="1.342">
  <properties/>
  <testcase name="shouldReturnACashCardWhenDataIsSaved()" classname="com.ivanxhb.cashcard.CashCardApplicationTests" time="1.325"/>
  <testcase name="shouldNotReturnACashCardWithAnUnknownId()" classname="com.ivanxhb.cashcard.CashCardApplicationTests" time="0.015"/>
  <system-out><![CDATA[14:43:56.238 [Test worker] INFO org.springframework.test.context.support.AnnotationConfigContextLoaderUtils -- Could not detect default configuration classes for test class [com.ivanxhb.cashcard.CashCardApplicationTests]: CashCardApplicationTests does not declare any static, non-private, non-final, nested classes annotated with @Configuration.
14:43:56.357 [Test worker] INFO org.springframework.boot.test.context.SpringBootTestContextBootstrapper -- Found @SpringBootConfiguration com.ivanxhb.cashcard.CashcardApplication for test class com.ivanxhb.cashcard.CashCardApplicationTests

  .   ____          _            __ _ _
 /\\ / ___'_ __ _ _(_)_ __  __ _ \ \ \ \
( ( )\___ | '_ | '_| | '_ \/ _` | \ \ \ \
 \\/  ___)| |_)| | | | | || (_| |  ) ) ) )
  '  |____| .__|_| |_|_| |_\__, | / / / /
 =========|_|==============|___/=/_/_/_/
 :: Spring Boot ::                (v3.1.0)

2023-06-01T14:43:56.929-05:00  INFO 16600 --- [    Test worker] c.i.cashcard.CashCardApplicationTests    : Starting CashCardApplicationTests using Java 19.0.1 with PID 16600 (started by ivan in C:\Users\ivanh\Documents\workspace\learnSpringBoot\spring-academy\cashcard)
2023-06-01T14:43:56.932-05:00  INFO 16600 --- [    Test worker] c.i.cashcard.CashCardApplicationTests    : No active profile set, falling back to 1 default profile: "default"
2023-06-01T14:43:57.891-05:00  INFO 16600 --- [    Test worker] .s.d.r.c.RepositoryConfigurationDelegate : Bootstrapping Spring Data JPA repositories in DEFAULT mode.
2023-06-01T14:43:57.921-05:00  INFO 16600 --- [    Test worker] .s.d.r.c.RepositoryConfigurationDelegate : Finished Spring Data repository scanning in 16 ms. Found 0 JPA repository interfaces.
2023-06-01T14:43:58.901-05:00  INFO 16600 --- [    Test worker] o.s.b.w.embedded.tomcat.TomcatWebServer  : Tomcat initialized with port(s): 0 (http)
2023-06-01T14:43:58.914-05:00  INFO 16600 --- [    Test worker] o.apache.catalina.core.StandardService   : Starting service [Tomcat]
2023-06-01T14:43:58.915-05:00  INFO 16600 --- [    Test worker] o.apache.catalina.core.StandardEngine    : Starting Servlet engine: [Apache Tomcat/10.1.8]
2023-06-01T14:43:59.023-05:00  INFO 16600 --- [    Test worker] o.a.c.c.C.[Tomcat].[localhost].[/]       : Initializing Spring embedded WebApplicationContext
2023-06-01T14:43:59.025-05:00  INFO 16600 --- [    Test worker] w.s.c.ServletWebServerApplicationContext : Root WebApplicationContext: initialization completed in 2066 ms
2023-06-01T14:43:59.201-05:00  INFO 16600 --- [    Test worker] com.zaxxer.hikari.HikariDataSource       : HikariPool-1 - Starting...
2023-06-01T14:43:59.443-05:00  INFO 16600 --- [    Test worker] com.zaxxer.hikari.pool.HikariPool        : HikariPool-1 - Added connection conn0: url=jdbc:h2:mem:7863d640-5131-4805-b10a-f48fde97f16a user=SA
2023-06-01T14:43:59.446-05:00  INFO 16600 --- [    Test worker] com.zaxxer.hikari.HikariDataSource       : HikariPool-1 - Start completed.
2023-06-01T14:43:59.528-05:00  INFO 16600 --- [    Test worker] o.hibernate.jpa.internal.util.LogHelper  : HHH000204: Processing PersistenceUnitInfo [name: default]
2023-06-01T14:43:59.616-05:00  INFO 16600 --- [    Test worker] org.hibernate.Version                    : HHH000412: Hibernate ORM core version 6.2.2.Final
2023-06-01T14:43:59.618-05:00  INFO 16600 --- [    Test worker] org.hibernate.cfg.Environment            : HHH000406: Using bytecode reflection optimizer
2023-06-01T14:43:59.813-05:00  INFO 16600 --- [    Test worker] o.h.b.i.BytecodeProviderInitiator        : HHH000021: Bytecode provider name : bytebuddy
2023-06-01T14:43:59.966-05:00  INFO 16600 --- [    Test worker] o.s.o.j.p.SpringPersistenceUnitInfo      : No LoadTimeWeaver setup: ignoring JPA class transformer
2023-06-01T14:44:00.021-05:00  INFO 16600 --- [    Test worker] org.hibernate.orm.dialect                : HHH035001: Using dialect: org.hibernate.dialect.H2Dialect, version: 2.1.214
2023-06-01T14:44:00.124-05:00  INFO 16600 --- [    Test worker] o.h.b.i.BytecodeProviderInitiator        : HHH000021: Bytecode provider name : bytebuddy
2023-06-01T14:44:00.356-05:00  INFO 16600 --- [    Test worker] o.h.e.t.j.p.i.JtaPlatformInitiator       : HHH000490: Using JtaPlatform implementation: [org.hibernate.engine.transaction.jta.platform.internal.NoJtaPlatform]
2023-06-01T14:44:00.363-05:00  INFO 16600 --- [    Test worker] j.LocalContainerEntityManagerFactoryBean : Initialized JPA EntityManagerFactory for persistence unit 'default'
2023-06-01T14:44:00.518-05:00  WARN 16600 --- [    Test worker] JpaBaseConfiguration$JpaWebConfiguration : spring.jpa.open-in-view is enabled by default. Therefore, database queries may be performed during view rendering. Explicitly configure spring.jpa.open-in-view to disable this warning
2023-06-01T14:44:01.130-05:00  WARN 16600 --- [    Test worker] ion$DefaultTemplateResolverConfiguration : Cannot find template location: classpath:/templates/ (please add some templates, check your Thymeleaf configuration, or set spring.thymeleaf.check-template-location=false)
2023-06-01T14:44:01.518-05:00  INFO 16600 --- [    Test worker] o.s.b.w.embedded.tomcat.TomcatWebServer  : Tomcat started on port(s): 58643 (http) with context path ''
2023-06-01T14:44:01.534-05:00  INFO 16600 --- [    Test worker] c.i.cashcard.CashCardApplicationTests    : Started CashCardApplicationTests in 4.947 seconds (process running for 6.503)
2023-06-01T14:44:02.614-05:00  INFO 16600 --- [o-auto-1-exec-1] o.a.c.c.C.[Tomcat].[localhost].[/]       : Initializing Spring DispatcherServlet 'dispatcherServlet'
2023-06-01T14:44:02.615-05:00  INFO 16600 --- [o-auto-1-exec-1] o.s.web.servlet.DispatcherServlet        : Initializing Servlet 'dispatcherServlet'
2023-06-01T14:44:02.616-05:00  INFO 16600 --- [o-auto-1-exec-1] o.s.web.servlet.DispatcherServlet        : Completed initialization in 1 ms
]]></system-out>
  <system-err><![CDATA[]]></system-err>
</testsuite>
