<?xml version="1.0" encoding="UTF-8"?>
<testsuite name="com.ivanxhb.cashcard.CashCardApplicationTests" tests="2" skipped="0" failures="0" errors="0" timestamp="2023-06-02T17:31:50" hostname="HB-XPS" time="1.064">
  <properties/>
  <testcase name="shouldReturnACashCardWhenDataIsSaved()" classname="com.ivanxhb.cashcard.CashCardApplicationTests" time="1.045"/>
  <testcase name="shouldNotReturnACashCardWithAnUnknownId()" classname="com.ivanxhb.cashcard.CashCardApplicationTests" time="0.016"/>
  <system-out><![CDATA[12:31:46.806 [Test worker] DEBUG org.springframework.boot.test.context.SpringBootTestContextBootstrapper - Neither @ContextConfiguration nor @ContextHierarchy found for test class [CashCardApplicationTests]: using SpringBootContextLoader
12:31:46.813 [Test worker] DEBUG org.springframework.test.context.support.AbstractContextLoader - Could not detect default resource locations for test class [com.ivanxhb.cashcard.CashCardApplicationTests]: no resource found for suffixes {-context.xml, Context.groovy}.
12:31:46.814 [Test worker] INFO org.springframework.test.context.support.AnnotationConfigContextLoaderUtils - Could not detect default configuration classes for test class [com.ivanxhb.cashcard.CashCardApplicationTests]: CashCardApplicationTests does not declare any static, non-private, non-final, nested classes annotated with @Configuration.
12:31:46.840 [Test worker] DEBUG org.springframework.boot.test.context.SpringBootTestContextBootstrapper - Using ContextCustomizers for test class [CashCardApplicationTests]: [DisableObservabilityContextCustomizer, PropertyMappingContextCustomizer, Customizer, ExcludeFilterContextCustomizer, DuplicateJsonObjectContextCustomizer, MockitoContextCustomizer, TestRestTemplateContextCustomizer]
12:31:46.916 [Test worker] DEBUG org.springframework.context.annotation.ClassPathScanningCandidateComponentProvider - Identified candidate component class: file [C:\Users\ivanh\Documents\workspace\learnSpringBoot\spring-academy\cashcard\build\classes\java\main\com\ivanxhb\cashcard\CashcardApplication.class]
12:31:46.918 [Test worker] INFO org.springframework.boot.test.context.SpringBootTestContextBootstrapper - Found @SpringBootConfiguration com.ivanxhb.cashcard.CashcardApplication for test class com.ivanxhb.cashcard.CashCardApplicationTests
12:31:47.056 [Test worker] DEBUG org.springframework.boot.test.context.SpringBootTestContextBootstrapper - Using TestExecutionListeners for test class [CashCardApplicationTests]: [ServletTestExecutionListener, DirtiesContextBeforeModesTestExecutionListener, ApplicationEventsTestExecutionListener, MockitoTestExecutionListener, DependencyInjectionTestExecutionListener, DirtiesContextTestExecutionListener, TransactionalTestExecutionListener, SqlScriptsTestExecutionListener, EventPublishingTestExecutionListener, RestDocsTestExecutionListener, MockRestServiceServerResetTestExecutionListener, MockMvcPrintOnlyOnFailureTestExecutionListener, WebDriverTestExecutionListener, MockWebServiceServerTestExecutionListener, ResetMocksTestExecutionListener]
12:31:47.057 [Test worker] DEBUG org.springframework.test.context.support.AbstractDirtiesContextTestExecutionListener - Before test class: class [CashCardApplicationTests], class annotated with @DirtiesContext [false] with mode [null]
12:31:47.075 [Test worker] DEBUG org.springframework.test.context.support.DependencyInjectionTestExecutionListener - Performing dependency injection for test class com.ivanxhb.cashcard.CashCardApplicationTests

  .   ____          _            __ _ _
 /\\ / ___'_ __ _ _(_)_ __  __ _ \ \ \ \
( ( )\___ | '_ | '_| | '_ \/ _` | \ \ \ \
 \\/  ___)| |_)| | | | | || (_| |  ) ) ) )
  '  |____| .__|_| |_|_| |_\__, | / / / /
 =========|_|==============|___/=/_/_/_/
 :: Spring Boot ::                (v3.0.2)

2023-06-02T12:31:47.447-05:00  INFO 7792 --- [    Test worker] c.i.cashcard.CashCardApplicationTests    : Starting CashCardApplicationTests using Java 19.0.1 with PID 7792 (started by ivan in C:\Users\ivanh\Documents\workspace\learnSpringBoot\spring-academy\cashcard)
2023-06-02T12:31:47.449-05:00  INFO 7792 --- [    Test worker] c.i.cashcard.CashCardApplicationTests    : No active profile set, falling back to 1 default profile: "default"
2023-06-02T12:31:48.310-05:00  INFO 7792 --- [    Test worker] .s.d.r.c.RepositoryConfigurationDelegate : Bootstrapping Spring Data JDBC repositories in DEFAULT mode.
2023-06-02T12:31:48.370-05:00  INFO 7792 --- [    Test worker] .s.d.r.c.RepositoryConfigurationDelegate : Finished Spring Data repository scanning in 53 ms. Found 1 JDBC repository interfaces.
2023-06-02T12:31:49.032-05:00  INFO 7792 --- [    Test worker] o.s.b.w.embedded.tomcat.TomcatWebServer  : Tomcat initialized with port(s): 0 (http)
2023-06-02T12:31:49.044-05:00  INFO 7792 --- [    Test worker] o.apache.catalina.core.StandardService   : Starting service [Tomcat]
2023-06-02T12:31:49.044-05:00  INFO 7792 --- [    Test worker] o.apache.catalina.core.StandardEngine    : Starting Servlet engine: [Apache Tomcat/10.1.5]
2023-06-02T12:31:49.144-05:00  INFO 7792 --- [    Test worker] o.a.c.c.C.[Tomcat].[localhost].[/]       : Initializing Spring embedded WebApplicationContext
2023-06-02T12:31:49.147-05:00  INFO 7792 --- [    Test worker] w.s.c.ServletWebServerApplicationContext : Root WebApplicationContext: initialization completed in 1666 ms
2023-06-02T12:31:49.272-05:00  INFO 7792 --- [    Test worker] o.s.j.d.e.EmbeddedDatabaseFactory        : Starting embedded database: url='jdbc:h2:mem:08460caa-a2cf-453e-a18b-528295c7ba3d;DB_CLOSE_DELAY=-1;DB_CLOSE_ON_EXIT=false', username='sa'
2023-06-02T12:31:50.269-05:00  INFO 7792 --- [    Test worker] o.s.b.w.embedded.tomcat.TomcatWebServer  : Tomcat started on port(s): 62813 (http) with context path ''
2023-06-02T12:31:50.280-05:00  INFO 7792 --- [    Test worker] c.i.cashcard.CashCardApplicationTests    : Started CashCardApplicationTests in 3.155 seconds (process running for 4.722)
2023-06-02T12:31:51.009-05:00  INFO 7792 --- [o-auto-1-exec-1] o.a.c.c.C.[Tomcat].[localhost].[/]       : Initializing Spring DispatcherServlet 'dispatcherServlet'
2023-06-02T12:31:51.009-05:00  INFO 7792 --- [o-auto-1-exec-1] o.s.web.servlet.DispatcherServlet        : Initializing Servlet 'dispatcherServlet'
2023-06-02T12:31:51.010-05:00  INFO 7792 --- [o-auto-1-exec-1] o.s.web.servlet.DispatcherServlet        : Completed initialization in 1 ms
]]></system-out>
  <system-err><![CDATA[]]></system-err>
</testsuite>
